<?xml version="1.0" encoding="UTF-8"?>
<!-- Generated by org.testng.reporters.JUnitXMLReporter -->
<testsuite hostname="5491MTY" ignored="0" name="Command line test" tests="1" failures="1" timestamp="12 Nov 2019 15:14:42 GMT" time="19.241" errors="0">
  <testcase name="InvoiceStructureSIEVTest" time="7.527" classname="SIEV.test.Tests">
    <failure type="org.openqa.selenium.NoSuchElementException" message="Cannot locate element with text: 9
For documentation on this error, please visit: https://www.seleniumhq.org/exceptions/no_such_element.html
Build info: version: &amp;apos;3.141.59&amp;apos;, revision: &amp;apos;e82be7d358&amp;apos;, time: &amp;apos;2018-11-14T08:17:03&amp;apos;
System info: host: &amp;apos;5491MTY&amp;apos;, ip: &amp;apos;10.183.0.250&amp;apos;, os.name: &amp;apos;Windows 10&amp;apos;, os.arch: &amp;apos;amd64&amp;apos;, os.version: &amp;apos;10.0&amp;apos;, java.version: &amp;apos;1.8.0_221&amp;apos;
Driver info: driver.version: unknown">
      <![CDATA[org.openqa.selenium.NoSuchElementException: Cannot locate element with text: 9
For documentation on this error, please visit: https://www.seleniumhq.org/exceptions/no_such_element.html
Build info: version: '3.141.59', revision: 'e82be7d358', time: '2018-11-14T08:17:03'
System info: host: '5491MTY', ip: '10.183.0.250', os.name: 'Windows 10', os.arch: 'amd64', os.version: '10.0', java.version: '1.8.0_221'
Driver info: driver.version: unknown
at org.openqa.selenium.support.ui.Select.selectByVisibleText(Select.java:147)
at SIEV.pages.PageEvaluacion.assertEstructuraFolioSIEV(PageEvaluacion.java:49)
at SIEV.test.Tests.InvoiceStructureSIEVTest(Tests.java:70)
... Removed 34 stack frames]]>
    </failure>
  </testcase> <!-- InvoiceStructureSIEVTest -->
</testsuite> <!-- Command line test -->
